<?xml version="1.0" encoding="UTF-8"?>
<testsuite name="PersonalAssistantTest" tests="1" skipped="0" failures="0" errors="0" timestamp="2020-05-25T03:22:17" hostname="KaviVideos-PC" time="0.112">
  <properties/>
  <testcase name="start" classname="PersonalAssistantTest" time="0.112"/>
  <system-out><![CDATA[?[1;31m
Start test 1?[0m
Hello! My name is Friday
I was created in 2020
]]></system-out>
  <system-err><![CDATA[]]></system-err>
</testsuite>
